{"D:\\node_projects\\genre\\index.js": {"path":"D:\\node_projects\\genre\\index.js","statementMap":{"0":{"start":{"line":1,"column":16},"end":{"line":1,"column":34}},"1":{"start":{"line":2,"column":16},"end":{"line":2,"column":34}},"2":{"start":{"line":3,"column":12},"end":{"line":3,"column":21}},"3":{"start":{"line":6,"column":0},"end":{"line":6,"column":32}},"4":{"start":{"line":7,"column":0},"end":{"line":7,"column":34}},"5":{"start":{"line":8,"column":0},"end":{"line":8,"column":27}},"6":{"start":{"line":9,"column":0},"end":{"line":9,"column":31}},"7":{"start":{"line":10,"column":0},"end":{"line":10,"column":35}},"8":{"start":{"line":14,"column":13},"end":{"line":14,"column":37}},"9":{"start":{"line":15,"column":15},"end":{"line":15,"column":83}},"10":{"start":{"line":15,"column":38},"end":{"line":15,"column":82}},"11":{"start":{"line":16,"column":0},"end":{"line":16,"column":24}}},"fnMap":{"0":{"name":"(anonymous_0)","decl":{"start":{"line":15,"column":32},"end":{"line":15,"column":33}},"loc":{"start":{"line":15,"column":38},"end":{"line":15,"column":82}},"line":15}},"branchMap":{"0":{"loc":{"start":{"line":14,"column":13},"end":{"line":14,"column":37}},"type":"binary-expr","locations":[{"start":{"line":14,"column":13},"end":{"line":14,"column":29}},{"start":{"line":14,"column":33},"end":{"line":14,"column":37}}],"line":14}},"s":{"0":1,"1":1,"2":1,"3":1,"4":1,"5":1,"6":1,"7":1,"8":1,"9":1,"10":1,"11":1},"f":{"0":1},"b":{"0":[1,1]},"_coverageSchema":"332fd63041d2c1bcb487cc26dd0d5f7d97098a6c","hash":"826e99448b32d06fedbe762b644c4ccb5ec8298d"}
,"D:\\node_projects\\genre\\middleware\\admin.js": {"path":"D:\\node_projects\\genre\\middleware\\admin.js","statementMap":{"0":{"start":{"line":4,"column":4},"end":{"line":4,"column":73}},"1":{"start":{"line":4,"column":27},"end":{"line":4,"column":73}},"2":{"start":{"line":5,"column":4},"end":{"line":5,"column":11}},"3":{"start":{"line":7,"column":0},"end":{"line":7,"column":23}}},"fnMap":{"0":{"name":"admin","decl":{"start":{"line":1,"column":9},"end":{"line":1,"column":14}},"loc":{"start":{"line":1,"column":30},"end":{"line":6,"column":1}},"line":1}},"branchMap":{"0":{"loc":{"start":{"line":4,"column":4},"end":{"line":4,"column":73}},"type":"if","locations":[{"start":{"line":4,"column":4},"end":{"line":4,"column":73}},{"start":{"line":4,"column":4},"end":{"line":4,"column":73}}],"line":4}},"s":{"0":0,"1":0,"2":0,"3":1},"f":{"0":0},"b":{"0":[0,0]},"_coverageSchema":"332fd63041d2c1bcb487cc26dd0d5f7d97098a6c","hash":"50900b46ca3d6bb032942644d5376620bab282a9"}
,"D:\\node_projects\\genre\\middleware\\async.js": {"path":"D:\\node_projects\\genre\\middleware\\async.js","statementMap":{"0":{"start":{"line":1,"column":0},"end":{"line":10,"column":1}},"1":{"start":{"line":2,"column":4},"end":{"line":9,"column":6}},"2":{"start":{"line":3,"column":8},"end":{"line":8,"column":9}},"3":{"start":{"line":4,"column":12},"end":{"line":4,"column":36}},"4":{"start":{"line":7,"column":12},"end":{"line":7,"column":21}}},"fnMap":{"0":{"name":"(anonymous_0)","decl":{"start":{"line":1,"column":17},"end":{"line":1,"column":18}},"loc":{"start":{"line":1,"column":36},"end":{"line":10,"column":1}},"line":1},"1":{"name":"(anonymous_1)","decl":{"start":{"line":2,"column":11},"end":{"line":2,"column":12}},"loc":{"start":{"line":2,"column":37},"end":{"line":9,"column":5}},"line":2}},"branchMap":{},"s":{"0":1,"1":2,"2":0,"3":0,"4":0},"f":{"0":2,"1":0},"b":{},"_coverageSchema":"332fd63041d2c1bcb487cc26dd0d5f7d97098a6c","hash":"b04c056a0c3e17ef335101d7802072bc9c379e47"}
,"D:\\node_projects\\genre\\middleware\\auth.js": {"path":"D:\\node_projects\\genre\\middleware\\auth.js","statementMap":{"0":{"start":{"line":1,"column":12},"end":{"line":1,"column":35}},"1":{"start":{"line":2,"column":15},"end":{"line":2,"column":32}},"2":{"start":{"line":5,"column":18},"end":{"line":5,"column":44}},"3":{"start":{"line":6,"column":4},"end":{"line":6,"column":81}},"4":{"start":{"line":6,"column":16},"end":{"line":6,"column":81}},"5":{"start":{"line":8,"column":4},"end":{"line":15,"column":5}},"6":{"start":{"line":9,"column":24},"end":{"line":9,"column":70}},"7":{"start":{"line":10,"column":8},"end":{"line":10,"column":27}},"8":{"start":{"line":11,"column":8},"end":{"line":11,"column":15}},"9":{"start":{"line":14,"column":8},"end":{"line":14,"column":46}},"10":{"start":{"line":18,"column":0},"end":{"line":18,"column":22}}},"fnMap":{"0":{"name":"auth","decl":{"start":{"line":4,"column":9},"end":{"line":4,"column":13}},"loc":{"start":{"line":4,"column":30},"end":{"line":16,"column":1}},"line":4}},"branchMap":{"0":{"loc":{"start":{"line":6,"column":4},"end":{"line":6,"column":81}},"type":"if","locations":[{"start":{"line":6,"column":4},"end":{"line":6,"column":81}},{"start":{"line":6,"column":4},"end":{"line":6,"column":81}}],"line":6}},"s":{"0":2,"1":2,"2":11,"3":11,"4":1,"5":10,"6":10,"7":10,"8":10,"9":0,"10":2},"f":{"0":11},"b":{"0":[1,10]},"_coverageSchema":"332fd63041d2c1bcb487cc26dd0d5f7d97098a6c","hash":"f8bf17808639ceade1b067d70b516c12894d8f5d"}
,"D:\\node_projects\\genre\\middleware\\error.js": {"path":"D:\\node_projects\\genre\\middleware\\error.js","statementMap":{"0":{"start":{"line":1,"column":16},"end":{"line":1,"column":34}},"1":{"start":{"line":2,"column":0},"end":{"line":5,"column":1}},"2":{"start":{"line":3,"column":4},"end":{"line":3,"column":36}},"3":{"start":{"line":4,"column":4},"end":{"line":4,"column":46}}},"fnMap":{"0":{"name":"(anonymous_0)","decl":{"start":{"line":2,"column":17},"end":{"line":2,"column":18}},"loc":{"start":{"line":2,"column":48},"end":{"line":5,"column":1}},"line":2}},"branchMap":{},"s":{"0":1,"1":1,"2":0,"3":0},"f":{"0":0},"b":{},"_coverageSchema":"332fd63041d2c1bcb487cc26dd0d5f7d97098a6c","hash":"62c032a44147ad88894336d51efd5ed38f146647"}
,"D:\\node_projects\\genre\\middleware\\validate.js": {"path":"D:\\node_projects\\genre\\middleware\\validate.js","statementMap":{"0":{"start":{"line":1,"column":0},"end":{"line":7,"column":1}},"1":{"start":{"line":2,"column":4},"end":{"line":6,"column":5}},"2":{"start":{"line":3,"column":26},"end":{"line":3,"column":45}},"3":{"start":{"line":4,"column":8},"end":{"line":4,"column":73}},"4":{"start":{"line":4,"column":19},"end":{"line":4,"column":73}},"5":{"start":{"line":5,"column":8},"end":{"line":5,"column":15}}},"fnMap":{"0":{"name":"(anonymous_0)","decl":{"start":{"line":1,"column":17},"end":{"line":1,"column":18}},"loc":{"start":{"line":1,"column":32},"end":{"line":7,"column":1}},"line":1},"1":{"name":"(anonymous_1)","decl":{"start":{"line":2,"column":11},"end":{"line":2,"column":12}},"loc":{"start":{"line":2,"column":31},"end":{"line":6,"column":5}},"line":2}},"branchMap":{"0":{"loc":{"start":{"line":4,"column":8},"end":{"line":4,"column":73}},"type":"if","locations":[{"start":{"line":4,"column":8},"end":{"line":4,"column":73}},{"start":{"line":4,"column":8},"end":{"line":4,"column":73}}],"line":4}},"s":{"0":1,"1":3,"2":9,"3":9,"4":2,"5":7},"f":{"0":3,"1":9},"b":{"0":[2,7]},"_coverageSchema":"332fd63041d2c1bcb487cc26dd0d5f7d97098a6c","hash":"23a05746299480ebc1593dbb5ad3937f620a0b58"}
,"D:\\node_projects\\genre\\middleware\\validateObjectId.js": {"path":"D:\\node_projects\\genre\\middleware\\validateObjectId.js","statementMap":{"0":{"start":{"line":1,"column":17},"end":{"line":1,"column":36}},"1":{"start":{"line":3,"column":0},"end":{"line":7,"column":1}},"2":{"start":{"line":4,"column":4},"end":{"line":5,"column":51}},"3":{"start":{"line":5,"column":8},"end":{"line":5,"column":51}},"4":{"start":{"line":6,"column":4},"end":{"line":6,"column":11}}},"fnMap":{"0":{"name":"(anonymous_0)","decl":{"start":{"line":3,"column":17},"end":{"line":3,"column":18}},"loc":{"start":{"line":3,"column":43},"end":{"line":7,"column":1}},"line":3}},"branchMap":{"0":{"loc":{"start":{"line":4,"column":4},"end":{"line":5,"column":51}},"type":"if","locations":[{"start":{"line":4,"column":4},"end":{"line":5,"column":51}},{"start":{"line":4,"column":4},"end":{"line":5,"column":51}}],"line":4}},"s":{"0":1,"1":1,"2":0,"3":0,"4":0},"f":{"0":0},"b":{"0":[0,0]},"_coverageSchema":"332fd63041d2c1bcb487cc26dd0d5f7d97098a6c","hash":"22d4bf30718a949101331730f42248a2491f1904"}
,"D:\\node_projects\\genre\\models\\customer.js": {"path":"D:\\node_projects\\genre\\models\\customer.js","statementMap":{"0":{"start":{"line":1,"column":12},"end":{"line":1,"column":26}},"1":{"start":{"line":2,"column":17},"end":{"line":2,"column":36}},"2":{"start":{"line":4,"column":17},"end":{"line":21,"column":3}},"3":{"start":{"line":24,"column":19},"end":{"line":28,"column":5}},"4":{"start":{"line":29,"column":4},"end":{"line":29,"column":41}},"5":{"start":{"line":32,"column":0},"end":{"line":32,"column":28}},"6":{"start":{"line":33,"column":0},"end":{"line":33,"column":36}}},"fnMap":{"0":{"name":"validateCustomer","decl":{"start":{"line":23,"column":9},"end":{"line":23,"column":25}},"loc":{"start":{"line":23,"column":36},"end":{"line":30,"column":1}},"line":23}},"branchMap":{},"s":{"0":1,"1":1,"2":1,"3":0,"4":0,"5":1,"6":1},"f":{"0":0},"b":{},"_coverageSchema":"332fd63041d2c1bcb487cc26dd0d5f7d97098a6c","hash":"e4a285e39f4b387420204c715eec8c8c1cb73ab9"}
,"D:\\node_projects\\genre\\models\\genre.js": {"path":"D:\\node_projects\\genre\\models\\genre.js","statementMap":{"0":{"start":{"line":1,"column":12},"end":{"line":1,"column":26}},"1":{"start":{"line":2,"column":17},"end":{"line":2,"column":36}},"2":{"start":{"line":4,"column":20},"end":{"line":11,"column":2}},"3":{"start":{"line":13,"column":14},"end":{"line":13,"column":50}},"4":{"start":{"line":16,"column":19},"end":{"line":18,"column":5}},"5":{"start":{"line":20,"column":4},"end":{"line":20,"column":39}},"6":{"start":{"line":23,"column":0},"end":{"line":23,"column":34}},"7":{"start":{"line":24,"column":0},"end":{"line":24,"column":22}},"8":{"start":{"line":25,"column":0},"end":{"line":25,"column":33}}},"fnMap":{"0":{"name":"validateGenre","decl":{"start":{"line":15,"column":9},"end":{"line":15,"column":22}},"loc":{"start":{"line":15,"column":30},"end":{"line":21,"column":1}},"line":15}},"branchMap":{},"s":{"0":1,"1":1,"2":1,"3":1,"4":0,"5":0,"6":1,"7":1,"8":1},"f":{"0":0},"b":{},"_coverageSchema":"332fd63041d2c1bcb487cc26dd0d5f7d97098a6c","hash":"f338cfbfdccf72d040a2a7bff03faa507e146110"}
,"D:\\node_projects\\genre\\models\\movie.js": {"path":"D:\\node_projects\\genre\\models\\movie.js","statementMap":{"0":{"start":{"line":1,"column":12},"end":{"line":1,"column":26}},"1":{"start":{"line":2,"column":17},"end":{"line":2,"column":36}},"2":{"start":{"line":3,"column":22},"end":{"line":3,"column":40}},"3":{"start":{"line":5,"column":14},"end":{"line":29,"column":3}},"4":{"start":{"line":32,"column":19},"end":{"line":37,"column":5}},"5":{"start":{"line":39,"column":4},"end":{"line":39,"column":39}},"6":{"start":{"line":42,"column":0},"end":{"line":42,"column":22}},"7":{"start":{"line":43,"column":0},"end":{"line":43,"column":33}}},"fnMap":{"0":{"name":"validateMovie","decl":{"start":{"line":31,"column":9},"end":{"line":31,"column":22}},"loc":{"start":{"line":31,"column":30},"end":{"line":40,"column":1}},"line":31}},"branchMap":{},"s":{"0":1,"1":1,"2":1,"3":1,"4":0,"5":0,"6":1,"7":1},"f":{"0":0},"b":{},"_coverageSchema":"332fd63041d2c1bcb487cc26dd0d5f7d97098a6c","hash":"899e5a6015558c1fec99567f8afcc1e127ddd9c9"}
,"D:\\node_projects\\genre\\models\\rental.js": {"path":"D:\\node_projects\\genre\\models\\rental.js","statementMap":{"0":{"start":{"line":1,"column":12},"end":{"line":1,"column":26}},"1":{"start":{"line":2,"column":15},"end":{"line":2,"column":32}},"2":{"start":{"line":3,"column":17},"end":{"line":3,"column":36}},"3":{"start":{"line":5,"column":21},"end":{"line":58,"column":2}},"4":{"start":{"line":60,"column":0},"end":{"line":65,"column":2}},"5":{"start":{"line":61,"column":4},"end":{"line":64,"column":7}},"6":{"start":{"line":67,"column":0},"end":{"line":72,"column":2}},"7":{"start":{"line":68,"column":4},"end":{"line":68,"column":35}},"8":{"start":{"line":70,"column":23},"end":{"line":70,"column":58}},"9":{"start":{"line":71,"column":4},"end":{"line":71,"column":61}},"10":{"start":{"line":74,"column":15},"end":{"line":74,"column":53}},"11":{"start":{"line":77,"column":19},"end":{"line":80,"column":5}},"12":{"start":{"line":82,"column":4},"end":{"line":82,"column":40}},"13":{"start":{"line":85,"column":0},"end":{"line":85,"column":24}},"14":{"start":{"line":86,"column":0},"end":{"line":86,"column":34}}},"fnMap":{"0":{"name":"(anonymous_0)","decl":{"start":{"line":60,"column":30},"end":{"line":60,"column":31}},"loc":{"start":{"line":60,"column":59},"end":{"line":65,"column":1}},"line":60},"1":{"name":"(anonymous_1)","decl":{"start":{"line":67,"column":30},"end":{"line":67,"column":31}},"loc":{"start":{"line":67,"column":42},"end":{"line":72,"column":1}},"line":67},"2":{"name":"validateRental","decl":{"start":{"line":76,"column":9},"end":{"line":76,"column":23}},"loc":{"start":{"line":76,"column":32},"end":{"line":83,"column":1}},"line":76}},"branchMap":{},"s":{"0":1,"1":1,"2":1,"3":1,"4":1,"5":7,"6":1,"7":5,"8":5,"9":5,"10":1,"11":0,"12":0,"13":1,"14":1},"f":{"0":7,"1":5,"2":0},"b":{},"_coverageSchema":"332fd63041d2c1bcb487cc26dd0d5f7d97098a6c","hash":"e99ac0f99c0e0b3c5b8c8345ace6be73e457fe8f"}
,"D:\\node_projects\\genre\\models\\user.js": {"path":"D:\\node_projects\\genre\\models\\user.js","statementMap":{"0":{"start":{"line":1,"column":15},"end":{"line":1,"column":32}},"1":{"start":{"line":2,"column":12},"end":{"line":2,"column":35}},"2":{"start":{"line":3,"column":12},"end":{"line":3,"column":26}},"3":{"start":{"line":5,"column":17},"end":{"line":5,"column":36}},"4":{"start":{"line":7,"column":26},"end":{"line":15,"column":1}},"5":{"start":{"line":17,"column":19},"end":{"line":38,"column":2}},"6":{"start":{"line":40,"column":0},"end":{"line":43,"column":2}},"7":{"start":{"line":41,"column":18},"end":{"line":41,"column":95}},"8":{"start":{"line":42,"column":4},"end":{"line":42,"column":17}},"9":{"start":{"line":45,"column":13},"end":{"line":45,"column":47}},"10":{"start":{"line":48,"column":19},"end":{"line":52,"column":5}},"11":{"start":{"line":54,"column":4},"end":{"line":54,"column":38}},"12":{"start":{"line":57,"column":0},"end":{"line":57,"column":20}},"13":{"start":{"line":58,"column":0},"end":{"line":58,"column":32}}},"fnMap":{"0":{"name":"(anonymous_0)","decl":{"start":{"line":40,"column":39},"end":{"line":40,"column":40}},"loc":{"start":{"line":40,"column":51},"end":{"line":43,"column":1}},"line":40},"1":{"name":"validateUser","decl":{"start":{"line":47,"column":9},"end":{"line":47,"column":21}},"loc":{"start":{"line":47,"column":28},"end":{"line":55,"column":1}},"line":47}},"branchMap":{},"s":{"0":3,"1":3,"2":3,"3":3,"4":3,"5":3,"6":3,"7":12,"8":12,"9":3,"10":0,"11":0,"12":3,"13":3},"f":{"0":12,"1":0},"b":{},"_coverageSchema":"332fd63041d2c1bcb487cc26dd0d5f7d97098a6c","hash":"633772153d993ce98f47775d0d933db6b97cbcb0"}
,"D:\\node_projects\\genre\\routes\\auth.js": {"path":"D:\\node_projects\\genre\\routes\\auth.js","statementMap":{"0":{"start":{"line":1,"column":15},"end":{"line":1,"column":32}},"1":{"start":{"line":2,"column":12},"end":{"line":2,"column":35}},"2":{"start":{"line":3,"column":15},"end":{"line":3,"column":32}},"3":{"start":{"line":4,"column":12},"end":{"line":4,"column":26}},"4":{"start":{"line":5,"column":17},"end":{"line":5,"column":36}},"5":{"start":{"line":6,"column":15},"end":{"line":6,"column":40}},"6":{"start":{"line":7,"column":16},"end":{"line":7,"column":34}},"7":{"start":{"line":8,"column":15},"end":{"line":8,"column":31}},"8":{"start":{"line":10,"column":0},"end":{"line":22,"column":3}},"9":{"start":{"line":11,"column":20},"end":{"line":11,"column":38}},"10":{"start":{"line":12,"column":4},"end":{"line":12,"column":69}},"11":{"start":{"line":12,"column":15},"end":{"line":12,"column":69}},"12":{"start":{"line":14,"column":17},"end":{"line":14,"column":60}},"13":{"start":{"line":15,"column":4},"end":{"line":15,"column":73}},"14":{"start":{"line":15,"column":15},"end":{"line":15,"column":73}},"15":{"start":{"line":17,"column":26},"end":{"line":17,"column":80}},"16":{"start":{"line":19,"column":4},"end":{"line":19,"column":82}},"17":{"start":{"line":19,"column":24},"end":{"line":19,"column":82}},"18":{"start":{"line":20,"column":18},"end":{"line":20,"column":42}},"19":{"start":{"line":21,"column":4},"end":{"line":21,"column":20}},"20":{"start":{"line":25,"column":19},"end":{"line":28,"column":5}},"21":{"start":{"line":29,"column":4},"end":{"line":29,"column":37}},"22":{"start":{"line":32,"column":0},"end":{"line":32,"column":24}}},"fnMap":{"0":{"name":"(anonymous_0)","decl":{"start":{"line":10,"column":17},"end":{"line":10,"column":18}},"loc":{"start":{"line":10,"column":37},"end":{"line":22,"column":1}},"line":10},"1":{"name":"validate","decl":{"start":{"line":24,"column":9},"end":{"line":24,"column":17}},"loc":{"start":{"line":24,"column":23},"end":{"line":30,"column":1}},"line":24}},"branchMap":{"0":{"loc":{"start":{"line":12,"column":4},"end":{"line":12,"column":69}},"type":"if","locations":[{"start":{"line":12,"column":4},"end":{"line":12,"column":69}},{"start":{"line":12,"column":4},"end":{"line":12,"column":69}}],"line":12},"1":{"loc":{"start":{"line":15,"column":4},"end":{"line":15,"column":73}},"type":"if","locations":[{"start":{"line":15,"column":4},"end":{"line":15,"column":73}},{"start":{"line":15,"column":4},"end":{"line":15,"column":73}}],"line":15},"2":{"loc":{"start":{"line":19,"column":4},"end":{"line":19,"column":82}},"type":"if","locations":[{"start":{"line":19,"column":4},"end":{"line":19,"column":82}},{"start":{"line":19,"column":4},"end":{"line":19,"column":82}}],"line":19}},"s":{"0":1,"1":1,"2":1,"3":1,"4":1,"5":1,"6":1,"7":1,"8":1,"9":0,"10":0,"11":0,"12":0,"13":0,"14":0,"15":0,"16":0,"17":0,"18":0,"19":0,"20":0,"21":0,"22":1},"f":{"0":0,"1":0},"b":{"0":[0,0],"1":[0,0],"2":[0,0]},"_coverageSchema":"332fd63041d2c1bcb487cc26dd0d5f7d97098a6c","hash":"2a1c3822c48999124282173218071cd82c132ed3"}
,"D:\\node_projects\\genre\\routes\\customers.js": {"path":"D:\\node_projects\\genre\\routes\\customers.js","statementMap":{"0":{"start":{"line":1,"column":29},"end":{"line":1,"column":58}},"1":{"start":{"line":2,"column":17},"end":{"line":2,"column":36}},"2":{"start":{"line":3,"column":16},"end":{"line":3,"column":34}},"3":{"start":{"line":4,"column":15},"end":{"line":4,"column":31}},"4":{"start":{"line":6,"column":0},"end":{"line":9,"column":3}},"5":{"start":{"line":7,"column":22},"end":{"line":7,"column":56}},"6":{"start":{"line":8,"column":4},"end":{"line":8,"column":24}},"7":{"start":{"line":11,"column":0},"end":{"line":23,"column":3}},"8":{"start":{"line":12,"column":22},"end":{"line":12,"column":40}},"9":{"start":{"line":13,"column":4},"end":{"line":13,"column":69}},"10":{"start":{"line":13,"column":15},"end":{"line":13,"column":69}},"11":{"start":{"line":15,"column":21},"end":{"line":19,"column":6}},"12":{"start":{"line":20,"column":4},"end":{"line":20,"column":26}},"13":{"start":{"line":22,"column":4},"end":{"line":22,"column":23}},"14":{"start":{"line":25,"column":0},"end":{"line":39,"column":3}},"15":{"start":{"line":26,"column":22},"end":{"line":26,"column":40}},"16":{"start":{"line":27,"column":4},"end":{"line":27,"column":69}},"17":{"start":{"line":27,"column":15},"end":{"line":27,"column":69}},"18":{"start":{"line":29,"column":21},"end":{"line":34,"column":25}},"19":{"start":{"line":36,"column":4},"end":{"line":36,"column":96}},"20":{"start":{"line":36,"column":19},"end":{"line":36,"column":96}},"21":{"start":{"line":38,"column":4},"end":{"line":38,"column":23}},"22":{"start":{"line":41,"column":0},"end":{"line":47,"column":3}},"23":{"start":{"line":42,"column":21},"end":{"line":42,"column":68}},"24":{"start":{"line":44,"column":4},"end":{"line":44,"column":96}},"25":{"start":{"line":44,"column":19},"end":{"line":44,"column":96}},"26":{"start":{"line":46,"column":4},"end":{"line":46,"column":23}},"27":{"start":{"line":49,"column":0},"end":{"line":55,"column":3}},"28":{"start":{"line":50,"column":21},"end":{"line":50,"column":59}},"29":{"start":{"line":52,"column":4},"end":{"line":52,"column":96}},"30":{"start":{"line":52,"column":19},"end":{"line":52,"column":96}},"31":{"start":{"line":54,"column":4},"end":{"line":54,"column":23}},"32":{"start":{"line":57,"column":0},"end":{"line":57,"column":24}}},"fnMap":{"0":{"name":"(anonymous_0)","decl":{"start":{"line":6,"column":16},"end":{"line":6,"column":17}},"loc":{"start":{"line":6,"column":36},"end":{"line":9,"column":1}},"line":6},"1":{"name":"(anonymous_1)","decl":{"start":{"line":11,"column":17},"end":{"line":11,"column":18}},"loc":{"start":{"line":11,"column":37},"end":{"line":23,"column":1}},"line":11},"2":{"name":"(anonymous_2)","decl":{"start":{"line":25,"column":19},"end":{"line":25,"column":20}},"loc":{"start":{"line":25,"column":39},"end":{"line":39,"column":1}},"line":25},"3":{"name":"(anonymous_3)","decl":{"start":{"line":41,"column":22},"end":{"line":41,"column":23}},"loc":{"start":{"line":41,"column":42},"end":{"line":47,"column":1}},"line":41},"4":{"name":"(anonymous_4)","decl":{"start":{"line":49,"column":19},"end":{"line":49,"column":20}},"loc":{"start":{"line":49,"column":39},"end":{"line":55,"column":1}},"line":49}},"branchMap":{"0":{"loc":{"start":{"line":13,"column":4},"end":{"line":13,"column":69}},"type":"if","locations":[{"start":{"line":13,"column":4},"end":{"line":13,"column":69}},{"start":{"line":13,"column":4},"end":{"line":13,"column":69}}],"line":13},"1":{"loc":{"start":{"line":27,"column":4},"end":{"line":27,"column":69}},"type":"if","locations":[{"start":{"line":27,"column":4},"end":{"line":27,"column":69}},{"start":{"line":27,"column":4},"end":{"line":27,"column":69}}],"line":27},"2":{"loc":{"start":{"line":36,"column":4},"end":{"line":36,"column":96}},"type":"if","locations":[{"start":{"line":36,"column":4},"end":{"line":36,"column":96}},{"start":{"line":36,"column":4},"end":{"line":36,"column":96}}],"line":36},"3":{"loc":{"start":{"line":44,"column":4},"end":{"line":44,"column":96}},"type":"if","locations":[{"start":{"line":44,"column":4},"end":{"line":44,"column":96}},{"start":{"line":44,"column":4},"end":{"line":44,"column":96}}],"line":44},"4":{"loc":{"start":{"line":52,"column":4},"end":{"line":52,"column":96}},"type":"if","locations":[{"start":{"line":52,"column":4},"end":{"line":52,"column":96}},{"start":{"line":52,"column":4},"end":{"line":52,"column":96}}],"line":52}},"s":{"0":1,"1":1,"2":1,"3":1,"4":1,"5":0,"6":0,"7":1,"8":0,"9":0,"10":0,"11":0,"12":0,"13":0,"14":1,"15":0,"16":0,"17":0,"18":0,"19":0,"20":0,"21":0,"22":1,"23":0,"24":0,"25":0,"26":0,"27":1,"28":0,"29":0,"30":0,"31":0,"32":1},"f":{"0":0,"1":0,"2":0,"3":0,"4":0},"b":{"0":[0,0],"1":[0,0],"2":[0,0],"3":[0,0],"4":[0,0]},"_coverageSchema":"332fd63041d2c1bcb487cc26dd0d5f7d97098a6c","hash":"7943b78d70b0f72dbe38407a58b1c4e7ef645630"}
,"D:\\node_projects\\genre\\routes\\genres.js": {"path":"D:\\node_projects\\genre\\routes\\genres.js","statementMap":{"0":{"start":{"line":1,"column":24},"end":{"line":1,"column":54}},"1":{"start":{"line":2,"column":25},"end":{"line":2,"column":66}},"2":{"start":{"line":4,"column":13},"end":{"line":4,"column":42}},"3":{"start":{"line":5,"column":14},"end":{"line":5,"column":44}},"4":{"start":{"line":6,"column":26},"end":{"line":6,"column":52}},"5":{"start":{"line":7,"column":18},"end":{"line":7,"column":51}},"6":{"start":{"line":8,"column":17},"end":{"line":8,"column":36}},"7":{"start":{"line":9,"column":16},"end":{"line":9,"column":34}},"8":{"start":{"line":10,"column":15},"end":{"line":10,"column":31}},"9":{"start":{"line":12,"column":0},"end":{"line":18,"column":4}},"10":{"start":{"line":16,"column":19},"end":{"line":16,"column":50}},"11":{"start":{"line":17,"column":4},"end":{"line":17,"column":21}},"12":{"start":{"line":22,"column":0},"end":{"line":27,"column":4}},"13":{"start":{"line":23,"column":16},"end":{"line":23,"column":50}},"14":{"start":{"line":24,"column":4},"end":{"line":24,"column":31}},"15":{"start":{"line":26,"column":4},"end":{"line":26,"column":20}},"16":{"start":{"line":29,"column":0},"end":{"line":40,"column":3}},"17":{"start":{"line":30,"column":22},"end":{"line":30,"column":40}},"18":{"start":{"line":31,"column":4},"end":{"line":31,"column":69}},"19":{"start":{"line":31,"column":15},"end":{"line":31,"column":69}},"20":{"start":{"line":33,"column":18},"end":{"line":35,"column":6}},"21":{"start":{"line":37,"column":4},"end":{"line":37,"column":90}},"22":{"start":{"line":37,"column":16},"end":{"line":37,"column":90}},"23":{"start":{"line":39,"column":4},"end":{"line":39,"column":20}},"24":{"start":{"line":42,"column":0},"end":{"line":48,"column":3}},"25":{"start":{"line":43,"column":18},"end":{"line":43,"column":62}},"26":{"start":{"line":45,"column":4},"end":{"line":45,"column":90}},"27":{"start":{"line":45,"column":16},"end":{"line":45,"column":90}},"28":{"start":{"line":47,"column":4},"end":{"line":47,"column":20}},"29":{"start":{"line":50,"column":0},"end":{"line":56,"column":3}},"30":{"start":{"line":51,"column":18},"end":{"line":51,"column":53}},"31":{"start":{"line":53,"column":4},"end":{"line":53,"column":90}},"32":{"start":{"line":53,"column":16},"end":{"line":53,"column":90}},"33":{"start":{"line":55,"column":4},"end":{"line":55,"column":20}},"34":{"start":{"line":58,"column":0},"end":{"line":58,"column":24}}},"fnMap":{"0":{"name":"(anonymous_0)","decl":{"start":{"line":12,"column":32},"end":{"line":12,"column":33}},"loc":{"start":{"line":12,"column":58},"end":{"line":18,"column":1}},"line":12},"1":{"name":"(anonymous_1)","decl":{"start":{"line":22,"column":62},"end":{"line":22,"column":63}},"loc":{"start":{"line":22,"column":82},"end":{"line":27,"column":1}},"line":22},"2":{"name":"(anonymous_2)","decl":{"start":{"line":29,"column":45},"end":{"line":29,"column":46}},"loc":{"start":{"line":29,"column":65},"end":{"line":40,"column":1}},"line":29},"3":{"name":"(anonymous_3)","decl":{"start":{"line":42,"column":55},"end":{"line":42,"column":56}},"loc":{"start":{"line":42,"column":75},"end":{"line":48,"column":1}},"line":42},"4":{"name":"(anonymous_4)","decl":{"start":{"line":50,"column":37},"end":{"line":50,"column":38}},"loc":{"start":{"line":50,"column":57},"end":{"line":56,"column":1}},"line":50}},"branchMap":{"0":{"loc":{"start":{"line":31,"column":4},"end":{"line":31,"column":69}},"type":"if","locations":[{"start":{"line":31,"column":4},"end":{"line":31,"column":69}},{"start":{"line":31,"column":4},"end":{"line":31,"column":69}}],"line":31},"1":{"loc":{"start":{"line":37,"column":4},"end":{"line":37,"column":90}},"type":"if","locations":[{"start":{"line":37,"column":4},"end":{"line":37,"column":90}},{"start":{"line":37,"column":4},"end":{"line":37,"column":90}}],"line":37},"2":{"loc":{"start":{"line":45,"column":4},"end":{"line":45,"column":90}},"type":"if","locations":[{"start":{"line":45,"column":4},"end":{"line":45,"column":90}},{"start":{"line":45,"column":4},"end":{"line":45,"column":90}}],"line":45},"3":{"loc":{"start":{"line":53,"column":4},"end":{"line":53,"column":90}},"type":"if","locations":[{"start":{"line":53,"column":4},"end":{"line":53,"column":90}},{"start":{"line":53,"column":4},"end":{"line":53,"column":90}}],"line":53}},"s":{"0":1,"1":1,"2":1,"3":1,"4":1,"5":1,"6":1,"7":1,"8":1,"9":1,"10":0,"11":0,"12":1,"13":0,"14":0,"15":0,"16":1,"17":0,"18":0,"19":0,"20":0,"21":0,"22":0,"23":0,"24":1,"25":0,"26":0,"27":0,"28":0,"29":1,"30":0,"31":0,"32":0,"33":0,"34":1},"f":{"0":0,"1":0,"2":0,"3":0,"4":0},"b":{"0":[0,0],"1":[0,0],"2":[0,0],"3":[0,0]},"_coverageSchema":"332fd63041d2c1bcb487cc26dd0d5f7d97098a6c","hash":"8a51d053c56bee1e8d2847a9c658cb1d329e84ed"}
,"D:\\node_projects\\genre\\routes\\movies.js": {"path":"D:\\node_projects\\genre\\routes\\movies.js","statementMap":{"0":{"start":{"line":1,"column":16},"end":{"line":1,"column":42}},"1":{"start":{"line":2,"column":26},"end":{"line":2,"column":52}},"2":{"start":{"line":3,"column":17},"end":{"line":3,"column":36}},"3":{"start":{"line":4,"column":16},"end":{"line":4,"column":34}},"4":{"start":{"line":5,"column":15},"end":{"line":5,"column":31}},"5":{"start":{"line":8,"column":0},"end":{"line":11,"column":3}},"6":{"start":{"line":9,"column":19},"end":{"line":9,"column":37}},"7":{"start":{"line":10,"column":4},"end":{"line":10,"column":21}},"8":{"start":{"line":13,"column":0},"end":{"line":32,"column":3}},"9":{"start":{"line":14,"column":19},"end":{"line":14,"column":37}},"10":{"start":{"line":15,"column":3},"end":{"line":15,"column":68}},"11":{"start":{"line":15,"column":14},"end":{"line":15,"column":68}},"12":{"start":{"line":17,"column":17},"end":{"line":17,"column":55}},"13":{"start":{"line":18,"column":3},"end":{"line":18,"column":60}},"14":{"start":{"line":18,"column":15},"end":{"line":18,"column":60}},"15":{"start":{"line":20,"column":17},"end":{"line":28,"column":5}},"16":{"start":{"line":30,"column":3},"end":{"line":30,"column":22}},"17":{"start":{"line":31,"column":3},"end":{"line":31,"column":19}},"18":{"start":{"line":34,"column":0},"end":{"line":53,"column":3}},"19":{"start":{"line":35,"column":20},"end":{"line":35,"column":38}},"20":{"start":{"line":36,"column":4},"end":{"line":36,"column":69}},"21":{"start":{"line":36,"column":15},"end":{"line":36,"column":69}},"22":{"start":{"line":38,"column":18},"end":{"line":38,"column":56}},"23":{"start":{"line":39,"column":4},"end":{"line":39,"column":61}},"24":{"start":{"line":39,"column":16},"end":{"line":39,"column":61}},"25":{"start":{"line":41,"column":18},"end":{"line":49,"column":19}},"26":{"start":{"line":51,"column":4},"end":{"line":51,"column":90}},"27":{"start":{"line":51,"column":16},"end":{"line":51,"column":90}},"28":{"start":{"line":52,"column":4},"end":{"line":52,"column":20}},"29":{"start":{"line":55,"column":0},"end":{"line":60,"column":3}},"30":{"start":{"line":56,"column":18},"end":{"line":56,"column":62}},"31":{"start":{"line":58,"column":4},"end":{"line":58,"column":90}},"32":{"start":{"line":58,"column":16},"end":{"line":58,"column":90}},"33":{"start":{"line":59,"column":4},"end":{"line":59,"column":20}},"34":{"start":{"line":62,"column":0},"end":{"line":67,"column":3}},"35":{"start":{"line":63,"column":17},"end":{"line":63,"column":52}},"36":{"start":{"line":64,"column":3},"end":{"line":64,"column":89}},"37":{"start":{"line":64,"column":15},"end":{"line":64,"column":89}},"38":{"start":{"line":66,"column":3},"end":{"line":66,"column":19}},"39":{"start":{"line":69,"column":0},"end":{"line":69,"column":24}}},"fnMap":{"0":{"name":"(anonymous_0)","decl":{"start":{"line":8,"column":16},"end":{"line":8,"column":17}},"loc":{"start":{"line":8,"column":36},"end":{"line":11,"column":1}},"line":8},"1":{"name":"(anonymous_1)","decl":{"start":{"line":13,"column":17},"end":{"line":13,"column":18}},"loc":{"start":{"line":13,"column":37},"end":{"line":32,"column":1}},"line":13},"2":{"name":"(anonymous_2)","decl":{"start":{"line":34,"column":19},"end":{"line":34,"column":20}},"loc":{"start":{"line":34,"column":39},"end":{"line":53,"column":1}},"line":34},"3":{"name":"(anonymous_3)","decl":{"start":{"line":55,"column":22},"end":{"line":55,"column":23}},"loc":{"start":{"line":55,"column":42},"end":{"line":60,"column":1}},"line":55},"4":{"name":"(anonymous_4)","decl":{"start":{"line":62,"column":19},"end":{"line":62,"column":20}},"loc":{"start":{"line":62,"column":39},"end":{"line":67,"column":1}},"line":62}},"branchMap":{"0":{"loc":{"start":{"line":15,"column":3},"end":{"line":15,"column":68}},"type":"if","locations":[{"start":{"line":15,"column":3},"end":{"line":15,"column":68}},{"start":{"line":15,"column":3},"end":{"line":15,"column":68}}],"line":15},"1":{"loc":{"start":{"line":18,"column":3},"end":{"line":18,"column":60}},"type":"if","locations":[{"start":{"line":18,"column":3},"end":{"line":18,"column":60}},{"start":{"line":18,"column":3},"end":{"line":18,"column":60}}],"line":18},"2":{"loc":{"start":{"line":36,"column":4},"end":{"line":36,"column":69}},"type":"if","locations":[{"start":{"line":36,"column":4},"end":{"line":36,"column":69}},{"start":{"line":36,"column":4},"end":{"line":36,"column":69}}],"line":36},"3":{"loc":{"start":{"line":39,"column":4},"end":{"line":39,"column":61}},"type":"if","locations":[{"start":{"line":39,"column":4},"end":{"line":39,"column":61}},{"start":{"line":39,"column":4},"end":{"line":39,"column":61}}],"line":39},"4":{"loc":{"start":{"line":51,"column":4},"end":{"line":51,"column":90}},"type":"if","locations":[{"start":{"line":51,"column":4},"end":{"line":51,"column":90}},{"start":{"line":51,"column":4},"end":{"line":51,"column":90}}],"line":51},"5":{"loc":{"start":{"line":58,"column":4},"end":{"line":58,"column":90}},"type":"if","locations":[{"start":{"line":58,"column":4},"end":{"line":58,"column":90}},{"start":{"line":58,"column":4},"end":{"line":58,"column":90}}],"line":58},"6":{"loc":{"start":{"line":64,"column":3},"end":{"line":64,"column":89}},"type":"if","locations":[{"start":{"line":64,"column":3},"end":{"line":64,"column":89}},{"start":{"line":64,"column":3},"end":{"line":64,"column":89}}],"line":64}},"s":{"0":1,"1":1,"2":1,"3":1,"4":1,"5":1,"6":0,"7":0,"8":1,"9":0,"10":0,"11":0,"12":0,"13":0,"14":0,"15":0,"16":0,"17":0,"18":1,"19":0,"20":0,"21":0,"22":0,"23":0,"24":0,"25":0,"26":0,"27":0,"28":0,"29":1,"30":0,"31":0,"32":0,"33":0,"34":1,"35":0,"36":0,"37":0,"38":0,"39":1},"f":{"0":0,"1":0,"2":0,"3":0,"4":0},"b":{"0":[0,0],"1":[0,0],"2":[0,0],"3":[0,0],"4":[0,0],"5":[0,0],"6":[0,0]},"_coverageSchema":"332fd63041d2c1bcb487cc26dd0d5f7d97098a6c","hash":"a0762c38e4885da431c762c7449c4a8b7d7a646d"}
,"D:\\node_projects\\genre\\routes\\rentals.js": {"path":"D:\\node_projects\\genre\\routes\\rentals.js","statementMap":{"0":{"start":{"line":1,"column":27},"end":{"line":1,"column":54}},"1":{"start":{"line":2,"column":16},"end":{"line":2,"column":42}},"2":{"start":{"line":3,"column":19},"end":{"line":3,"column":48}},"3":{"start":{"line":4,"column":18},"end":{"line":4,"column":51}},"4":{"start":{"line":5,"column":17},"end":{"line":5,"column":36}},"5":{"start":{"line":6,"column":13},"end":{"line":6,"column":28}},"6":{"start":{"line":8,"column":16},"end":{"line":8,"column":34}},"7":{"start":{"line":9,"column":15},"end":{"line":9,"column":31}},"8":{"start":{"line":11,"column":0},"end":{"line":11,"column":20}},"9":{"start":{"line":13,"column":0},"end":{"line":16,"column":3}},"10":{"start":{"line":14,"column":20},"end":{"line":14,"column":56}},"11":{"start":{"line":15,"column":4},"end":{"line":15,"column":22}},"12":{"start":{"line":18,"column":0},"end":{"line":58,"column":3}},"13":{"start":{"line":19,"column":21},"end":{"line":19,"column":65}},"14":{"start":{"line":20,"column":4},"end":{"line":20,"column":68}},"15":{"start":{"line":20,"column":19},"end":{"line":20,"column":68}},"16":{"start":{"line":22,"column":18},"end":{"line":22,"column":56}},"17":{"start":{"line":23,"column":4},"end":{"line":23,"column":62}},"18":{"start":{"line":23,"column":16},"end":{"line":23,"column":62}},"19":{"start":{"line":25,"column":4},"end":{"line":25,"column":85}},"20":{"start":{"line":25,"column":35},"end":{"line":25,"column":85}},"21":{"start":{"line":27,"column":17},"end":{"line":38,"column":6}},"22":{"start":{"line":44,"column":4},"end":{"line":55,"column":5}},"23":{"start":{"line":45,"column":8},"end":{"line":50,"column":19}},"24":{"start":{"line":51,"column":8},"end":{"line":51,"column":25}},"25":{"start":{"line":54,"column":8},"end":{"line":54,"column":48}},"26":{"start":{"line":57,"column":4},"end":{"line":57,"column":21}},"27":{"start":{"line":60,"column":0},"end":{"line":65,"column":3}},"28":{"start":{"line":61,"column":19},"end":{"line":61,"column":55}},"29":{"start":{"line":62,"column":4},"end":{"line":62,"column":92}},"30":{"start":{"line":62,"column":17},"end":{"line":62,"column":92}},"31":{"start":{"line":64,"column":4},"end":{"line":64,"column":21}},"32":{"start":{"line":67,"column":0},"end":{"line":67,"column":24}}},"fnMap":{"0":{"name":"(anonymous_0)","decl":{"start":{"line":13,"column":16},"end":{"line":13,"column":17}},"loc":{"start":{"line":13,"column":36},"end":{"line":16,"column":1}},"line":13},"1":{"name":"(anonymous_1)","decl":{"start":{"line":18,"column":38},"end":{"line":18,"column":39}},"loc":{"start":{"line":18,"column":58},"end":{"line":58,"column":1}},"line":18},"2":{"name":"(anonymous_2)","decl":{"start":{"line":60,"column":19},"end":{"line":60,"column":20}},"loc":{"start":{"line":60,"column":39},"end":{"line":65,"column":1}},"line":60}},"branchMap":{"0":{"loc":{"start":{"line":20,"column":4},"end":{"line":20,"column":68}},"type":"if","locations":[{"start":{"line":20,"column":4},"end":{"line":20,"column":68}},{"start":{"line":20,"column":4},"end":{"line":20,"column":68}}],"line":20},"1":{"loc":{"start":{"line":23,"column":4},"end":{"line":23,"column":62}},"type":"if","locations":[{"start":{"line":23,"column":4},"end":{"line":23,"column":62}},{"start":{"line":23,"column":4},"end":{"line":23,"column":62}}],"line":23},"2":{"loc":{"start":{"line":25,"column":4},"end":{"line":25,"column":85}},"type":"if","locations":[{"start":{"line":25,"column":4},"end":{"line":25,"column":85}},{"start":{"line":25,"column":4},"end":{"line":25,"column":85}}],"line":25},"3":{"loc":{"start":{"line":62,"column":4},"end":{"line":62,"column":92}},"type":"if","locations":[{"start":{"line":62,"column":4},"end":{"line":62,"column":92}},{"start":{"line":62,"column":4},"end":{"line":62,"column":92}}],"line":62}},"s":{"0":1,"1":1,"2":1,"3":1,"4":1,"5":1,"6":1,"7":1,"8":1,"9":1,"10":0,"11":0,"12":1,"13":0,"14":0,"15":0,"16":0,"17":0,"18":0,"19":0,"20":0,"21":0,"22":0,"23":0,"24":0,"25":0,"26":0,"27":1,"28":0,"29":0,"30":0,"31":0,"32":1},"f":{"0":0,"1":0,"2":0},"b":{"0":[0,0],"1":[0,0],"2":[0,0],"3":[0,0]},"_coverageSchema":"332fd63041d2c1bcb487cc26dd0d5f7d97098a6c","hash":"f286c4b28de02d10d3d310b419d4af8b0c0ddec9"}
,"D:\\node_projects\\genre\\routes\\returns.js": {"path":"D:\\node_projects\\genre\\routes\\returns.js","statementMap":{"0":{"start":{"line":1,"column":12},"end":{"line":1,"column":26}},"1":{"start":{"line":2,"column":17},"end":{"line":2,"column":50}},"2":{"start":{"line":3,"column":17},"end":{"line":3,"column":44}},"3":{"start":{"line":4,"column":16},"end":{"line":4,"column":42}},"4":{"start":{"line":5,"column":13},"end":{"line":5,"column":42}},"5":{"start":{"line":6,"column":16},"end":{"line":6,"column":34}},"6":{"start":{"line":7,"column":15},"end":{"line":7,"column":31}},"7":{"start":{"line":9,"column":0},"end":{"line":21,"column":3}},"8":{"start":{"line":10,"column":19},"end":{"line":10,"column":77}},"9":{"start":{"line":11,"column":4},"end":{"line":11,"column":63}},"10":{"start":{"line":11,"column":16},"end":{"line":11,"column":63}},"11":{"start":{"line":13,"column":4},"end":{"line":13,"column":77}},"12":{"start":{"line":13,"column":28},"end":{"line":13,"column":77}},"13":{"start":{"line":15,"column":4},"end":{"line":15,"column":20}},"14":{"start":{"line":16,"column":4},"end":{"line":16,"column":24}},"15":{"start":{"line":18,"column":4},"end":{"line":18,"column":77}},"16":{"start":{"line":20,"column":4},"end":{"line":20,"column":40}},"17":{"start":{"line":24,"column":19},"end":{"line":27,"column":5}},"18":{"start":{"line":29,"column":4},"end":{"line":29,"column":37}},"19":{"start":{"line":32,"column":0},"end":{"line":32,"column":24}}},"fnMap":{"0":{"name":"(anonymous_0)","decl":{"start":{"line":9,"column":52},"end":{"line":9,"column":53}},"loc":{"start":{"line":9,"column":78},"end":{"line":21,"column":1}},"line":9},"1":{"name":"validateReturns","decl":{"start":{"line":23,"column":9},"end":{"line":23,"column":24}},"loc":{"start":{"line":23,"column":30},"end":{"line":30,"column":1}},"line":23}},"branchMap":{"0":{"loc":{"start":{"line":11,"column":4},"end":{"line":11,"column":63}},"type":"if","locations":[{"start":{"line":11,"column":4},"end":{"line":11,"column":63}},{"start":{"line":11,"column":4},"end":{"line":11,"column":63}}],"line":11},"1":{"loc":{"start":{"line":13,"column":4},"end":{"line":13,"column":77}},"type":"if","locations":[{"start":{"line":13,"column":4},"end":{"line":13,"column":77}},{"start":{"line":13,"column":4},"end":{"line":13,"column":77}}],"line":13}},"s":{"0":1,"1":1,"2":1,"3":1,"4":1,"5":1,"6":1,"7":1,"8":7,"9":7,"10":1,"11":6,"12":1,"13":5,"14":5,"15":5,"16":5,"17":9,"18":9,"19":1},"f":{"0":7,"1":9},"b":{"0":[1,6],"1":[1,5]},"_coverageSchema":"332fd63041d2c1bcb487cc26dd0d5f7d97098a6c","hash":"2ccf08ae3c1a9f508e7f0ecc08a7e325298a0b28"}
,"D:\\node_projects\\genre\\routes\\users.js": {"path":"D:\\node_projects\\genre\\routes\\users.js","statementMap":{"0":{"start":{"line":1,"column":13},"end":{"line":1,"column":42}},"1":{"start":{"line":2,"column":15},"end":{"line":2,"column":32}},"2":{"start":{"line":3,"column":10},"end":{"line":3,"column":27}},"3":{"start":{"line":4,"column":25},"end":{"line":4,"column":50}},"4":{"start":{"line":5,"column":16},"end":{"line":5,"column":35}},"5":{"start":{"line":6,"column":16},"end":{"line":6,"column":34}},"6":{"start":{"line":7,"column":15},"end":{"line":7,"column":31}},"7":{"start":{"line":9,"column":0},"end":{"line":12,"column":3}},"8":{"start":{"line":10,"column":16},"end":{"line":10,"column":69}},"9":{"start":{"line":11,"column":3},"end":{"line":11,"column":18}},"10":{"start":{"line":14,"column":0},"end":{"line":28,"column":3}},"11":{"start":{"line":15,"column":22},"end":{"line":15,"column":40}},"12":{"start":{"line":16,"column":4},"end":{"line":16,"column":69}},"13":{"start":{"line":16,"column":15},"end":{"line":16,"column":69}},"14":{"start":{"line":18,"column":15},"end":{"line":18,"column":60}},"15":{"start":{"line":19,"column":4},"end":{"line":19,"column":70}},"16":{"start":{"line":19,"column":14},"end":{"line":19,"column":70}},"17":{"start":{"line":21,"column":4},"end":{"line":21,"column":69}},"18":{"start":{"line":22,"column":17},"end":{"line":22,"column":41}},"19":{"start":{"line":23,"column":4},"end":{"line":23,"column":59}},"20":{"start":{"line":24,"column":4},"end":{"line":24,"column":22}},"21":{"start":{"line":26,"column":18},"end":{"line":26,"column":42}},"22":{"start":{"line":27,"column":4},"end":{"line":27,"column":76}},"23":{"start":{"line":30,"column":0},"end":{"line":30,"column":24}}},"fnMap":{"0":{"name":"(anonymous_0)","decl":{"start":{"line":9,"column":24},"end":{"line":9,"column":25}},"loc":{"start":{"line":9,"column":44},"end":{"line":12,"column":1}},"line":9},"1":{"name":"(anonymous_1)","decl":{"start":{"line":14,"column":17},"end":{"line":14,"column":18}},"loc":{"start":{"line":14,"column":37},"end":{"line":28,"column":1}},"line":14}},"branchMap":{"0":{"loc":{"start":{"line":16,"column":4},"end":{"line":16,"column":69}},"type":"if","locations":[{"start":{"line":16,"column":4},"end":{"line":16,"column":69}},{"start":{"line":16,"column":4},"end":{"line":16,"column":69}}],"line":16},"1":{"loc":{"start":{"line":19,"column":4},"end":{"line":19,"column":70}},"type":"if","locations":[{"start":{"line":19,"column":4},"end":{"line":19,"column":70}},{"start":{"line":19,"column":4},"end":{"line":19,"column":70}}],"line":19}},"s":{"0":1,"1":1,"2":1,"3":1,"4":1,"5":1,"6":1,"7":1,"8":0,"9":0,"10":1,"11":0,"12":0,"13":0,"14":0,"15":0,"16":0,"17":0,"18":0,"19":0,"20":0,"21":0,"22":0,"23":1},"f":{"0":0,"1":0},"b":{"0":[0,0],"1":[0,0]},"_coverageSchema":"332fd63041d2c1bcb487cc26dd0d5f7d97098a6c","hash":"a375fbef7f5c57bf125aff148b7fa0fa39524a5c"}
,"D:\\node_projects\\genre\\startapp\\config.js": {"path":"D:\\node_projects\\genre\\startapp\\config.js","statementMap":{"0":{"start":{"line":1,"column":15},"end":{"line":1,"column":32}},"1":{"start":{"line":2,"column":0},"end":{"line":6,"column":1}},"2":{"start":{"line":3,"column":4},"end":{"line":5,"column":5}},"3":{"start":{"line":4,"column":8},"end":{"line":4,"column":68}}},"fnMap":{"0":{"name":"(anonymous_0)","decl":{"start":{"line":2,"column":17},"end":{"line":2,"column":18}},"loc":{"start":{"line":2,"column":29},"end":{"line":6,"column":1}},"line":2}},"branchMap":{"0":{"loc":{"start":{"line":3,"column":4},"end":{"line":5,"column":5}},"type":"if","locations":[{"start":{"line":3,"column":4},"end":{"line":5,"column":5}},{"start":{"line":3,"column":4},"end":{"line":5,"column":5}}],"line":3}},"s":{"0":1,"1":1,"2":1,"3":0},"f":{"0":1},"b":{"0":[0,1]},"_coverageSchema":"332fd63041d2c1bcb487cc26dd0d5f7d97098a6c","hash":"a64cc1d22f70fdc14fb45dbee37d0db4c9a0ce7f"}
,"D:\\node_projects\\genre\\startapp\\db.js": {"path":"D:\\node_projects\\genre\\startapp\\db.js","statementMap":{"0":{"start":{"line":1,"column":16},"end":{"line":1,"column":34}},"1":{"start":{"line":2,"column":17},"end":{"line":2,"column":36}},"2":{"start":{"line":3,"column":15},"end":{"line":3,"column":32}},"3":{"start":{"line":5,"column":0},"end":{"line":9,"column":1}},"4":{"start":{"line":6,"column":15},"end":{"line":6,"column":31}},"5":{"start":{"line":7,"column":4},"end":{"line":8,"column":59}},"6":{"start":{"line":8,"column":20},"end":{"line":8,"column":57}}},"fnMap":{"0":{"name":"(anonymous_0)","decl":{"start":{"line":5,"column":17},"end":{"line":5,"column":18}},"loc":{"start":{"line":5,"column":29},"end":{"line":9,"column":1}},"line":5},"1":{"name":"(anonymous_1)","decl":{"start":{"line":8,"column":14},"end":{"line":8,"column":15}},"loc":{"start":{"line":8,"column":20},"end":{"line":8,"column":57}},"line":8}},"branchMap":{},"s":{"0":1,"1":1,"2":1,"3":1,"4":1,"5":1,"6":1},"f":{"0":1,"1":1},"b":{},"_coverageSchema":"332fd63041d2c1bcb487cc26dd0d5f7d97098a6c","hash":"f30884cd35914aadf2410be1de645e1bf17442f9"}
,"D:\\node_projects\\genre\\startapp\\logging.js": {"path":"D:\\node_projects\\genre\\startapp\\logging.js","statementMap":{"0":{"start":{"line":1,"column":0},"end":{"line":1,"column":32}},"1":{"start":{"line":2,"column":16},"end":{"line":2,"column":34}},"2":{"start":{"line":5,"column":0},"end":{"line":22,"column":1}},"3":{"start":{"line":7,"column":4},"end":{"line":10,"column":6}},"4":{"start":{"line":13,"column":4},"end":{"line":15,"column":7}},"5":{"start":{"line":14,"column":8},"end":{"line":14,"column":17}},"6":{"start":{"line":17,"column":4},"end":{"line":17,"column":69}}},"fnMap":{"0":{"name":"(anonymous_0)","decl":{"start":{"line":5,"column":17},"end":{"line":5,"column":18}},"loc":{"start":{"line":5,"column":29},"end":{"line":22,"column":1}},"line":5},"1":{"name":"(anonymous_1)","decl":{"start":{"line":13,"column":37},"end":{"line":13,"column":38}},"loc":{"start":{"line":13,"column":45},"end":{"line":15,"column":5}},"line":13}},"branchMap":{},"s":{"0":1,"1":1,"2":1,"3":1,"4":1,"5":0,"6":1},"f":{"0":1,"1":0},"b":{},"_coverageSchema":"332fd63041d2c1bcb487cc26dd0d5f7d97098a6c","hash":"0dabe83073df2a1097b897319449dd2d7fd40864"}
,"D:\\node_projects\\genre\\startapp\\routes.js": {"path":"D:\\node_projects\\genre\\startapp\\routes.js","statementMap":{"0":{"start":{"line":1,"column":16},"end":{"line":1,"column":34}},"1":{"start":{"line":2,"column":15},"end":{"line":2,"column":42}},"2":{"start":{"line":4,"column":18},"end":{"line":4,"column":48}},"3":{"start":{"line":5,"column":15},"end":{"line":5,"column":42}},"4":{"start":{"line":6,"column":16},"end":{"line":6,"column":44}},"5":{"start":{"line":7,"column":14},"end":{"line":7,"column":40}},"6":{"start":{"line":8,"column":13},"end":{"line":8,"column":38}},"7":{"start":{"line":9,"column":16},"end":{"line":9,"column":44}},"8":{"start":{"line":10,"column":14},"end":{"line":10,"column":44}},"9":{"start":{"line":12,"column":0},"end":{"line":26,"column":1}},"10":{"start":{"line":14,"column":4},"end":{"line":14,"column":28}},"11":{"start":{"line":15,"column":4},"end":{"line":15,"column":35}},"12":{"start":{"line":16,"column":4},"end":{"line":16,"column":41}},"13":{"start":{"line":17,"column":4},"end":{"line":17,"column":35}},"14":{"start":{"line":18,"column":4},"end":{"line":18,"column":37}},"15":{"start":{"line":19,"column":4},"end":{"line":19,"column":33}},"16":{"start":{"line":20,"column":4},"end":{"line":20,"column":31}},"17":{"start":{"line":21,"column":4},"end":{"line":21,"column":37}},"18":{"start":{"line":23,"column":4},"end":{"line":23,"column":52}},"19":{"start":{"line":25,"column":4},"end":{"line":25,"column":19}}},"fnMap":{"0":{"name":"(anonymous_0)","decl":{"start":{"line":12,"column":17},"end":{"line":12,"column":18}},"loc":{"start":{"line":12,"column":32},"end":{"line":26,"column":1}},"line":12}},"branchMap":{},"s":{"0":1,"1":1,"2":1,"3":1,"4":1,"5":1,"6":1,"7":1,"8":1,"9":1,"10":1,"11":1,"12":1,"13":1,"14":1,"15":1,"16":1,"17":1,"18":1,"19":1},"f":{"0":1},"b":{},"_coverageSchema":"332fd63041d2c1bcb487cc26dd0d5f7d97098a6c","hash":"0b3df97484c85767a9ba2c43939c4dbf96b2f026"}
,"D:\\node_projects\\genre\\startapp\\validation.js": {"path":"D:\\node_projects\\genre\\startapp\\validation.js","statementMap":{"0":{"start":{"line":1,"column":12},"end":{"line":1,"column":26}},"1":{"start":{"line":3,"column":0},"end":{"line":5,"column":1}},"2":{"start":{"line":4,"column":4},"end":{"line":4,"column":48}}},"fnMap":{"0":{"name":"(anonymous_0)","decl":{"start":{"line":3,"column":17},"end":{"line":3,"column":18}},"loc":{"start":{"line":3,"column":28},"end":{"line":5,"column":1}},"line":3}},"branchMap":{},"s":{"0":1,"1":1,"2":1},"f":{"0":1},"b":{},"_coverageSchema":"332fd63041d2c1bcb487cc26dd0d5f7d97098a6c","hash":"c62eb24cc189a6d37bf41199d2f7dc3df6010492"}
}
